Determining if the C compiler works failed with the following output:
Change Dir: /home/sadgod33/catkin_ws/src/pcl_cpp_tutorial/build/CMakeFiles/CMakeTmp

Run Build Command:"/usr/bin/make" "cmTC_939c8/fast"
/usr/bin/make -f CMakeFiles/cmTC_939c8.dir/build.make CMakeFiles/cmTC_939c8.dir/build
make[1]: Entering directory '/home/sadgod33/catkin_ws/src/pcl_cpp_tutorial/build/CMakeFiles/CMakeTmp'
Building C object CMakeFiles/cmTC_939c8.dir/testCCompiler.c.o
/mnt/c/MinGW/bin/gcc.exe    -o CMakeFiles/cmTC_939c8.dir/testCCompiler.c.o   -c /home/sadgod33/catkin_ws/src/pcl_cpp_tutorial/build/CMakeFiles/CMakeTmp/testCCompiler.c
Linking C executable cmTC_939c8
/usr/bin/cmake -E cmake_link_script CMakeFiles/cmTC_939c8.dir/link.txt --verbose=1
/mnt/c/MinGW/bin/gcc.exe      -rdynamic CMakeFiles/cmTC_939c8.dir/testCCompiler.c.o  -o cmTC_939c8 
gcc.exe: error: unrecognized command line option '-rdynamic'
CMakeFiles/cmTC_939c8.dir/build.make:97: recipe for target 'cmTC_939c8' failed
make[1]: *** [cmTC_939c8] Error 1
make[1]: Leaving directory '/home/sadgod33/catkin_ws/src/pcl_cpp_tutorial/build/CMakeFiles/CMakeTmp'
Makefile:126: recipe for target 'cmTC_939c8/fast' failed
make: *** [cmTC_939c8/fast] Error 2


Determining if the pthread_create exist failed with the following output:
Change Dir: /home/sadgod33/catkin_ws/src/pcl_cpp_tutorial/build/CMakeFiles/CMakeTmp

Run Build Command:"/usr/bin/make" "cmTC_63e7b/fast"
/usr/bin/make -f CMakeFiles/cmTC_63e7b.dir/build.make CMakeFiles/cmTC_63e7b.dir/build
make[1]: Entering directory '/home/sadgod33/catkin_ws/src/pcl_cpp_tutorial/build/CMakeFiles/CMakeTmp'
Building C object CMakeFiles/cmTC_63e7b.dir/CheckSymbolExists.c.o
/usr/bin/gcc    -o CMakeFiles/cmTC_63e7b.dir/CheckSymbolExists.c.o   -c /home/sadgod33/catkin_ws/src/pcl_cpp_tutorial/build/CMakeFiles/CMakeTmp/CheckSymbolExists.c
Linking C executable cmTC_63e7b
/usr/bin/cmake -E cmake_link_script CMakeFiles/cmTC_63e7b.dir/link.txt --verbose=1
/usr/bin/gcc      -rdynamic CMakeFiles/cmTC_63e7b.dir/CheckSymbolExists.c.o  -o cmTC_63e7b 
CMakeFiles/cmTC_63e7b.dir/CheckSymbolExists.c.o: In function `main':
CheckSymbolExists.c:(.text+0x1b): undefined reference to `pthread_create'
collect2: error: ld returned 1 exit status
CMakeFiles/cmTC_63e7b.dir/build.make:97: recipe for target 'cmTC_63e7b' failed
make[1]: *** [cmTC_63e7b] Error 1
make[1]: Leaving directory '/home/sadgod33/catkin_ws/src/pcl_cpp_tutorial/build/CMakeFiles/CMakeTmp'
Makefile:126: recipe for target 'cmTC_63e7b/fast' failed
make: *** [cmTC_63e7b/fast] Error 2

File /home/sadgod33/catkin_ws/src/pcl_cpp_tutorial/build/CMakeFiles/CMakeTmp/CheckSymbolExists.c:
/* */
#include <pthread.h>

int main(int argc, char** argv)
{
  (void)argv;
#ifndef pthread_create
  return ((int*)(&pthread_create))[argc];
#else
  (void)argc;
  return 0;
#endif
}

Determining if the function pthread_create exists in the pthreads failed with the following output:
Change Dir: /home/sadgod33/catkin_ws/src/pcl_cpp_tutorial/build/CMakeFiles/CMakeTmp

Run Build Command:"/usr/bin/make" "cmTC_70c0e/fast"
/usr/bin/make -f CMakeFiles/cmTC_70c0e.dir/build.make CMakeFiles/cmTC_70c0e.dir/build
make[1]: Entering directory '/home/sadgod33/catkin_ws/src/pcl_cpp_tutorial/build/CMakeFiles/CMakeTmp'
Building C object CMakeFiles/cmTC_70c0e.dir/CheckFunctionExists.c.o
/usr/bin/gcc   -DCHECK_FUNCTION_EXISTS=pthread_create   -o CMakeFiles/cmTC_70c0e.dir/CheckFunctionExists.c.o   -c /usr/share/cmake-3.10/Modules/CheckFunctionExists.c
Linking C executable cmTC_70c0e
/usr/bin/cmake -E cmake_link_script CMakeFiles/cmTC_70c0e.dir/link.txt --verbose=1
/usr/bin/gcc  -DCHECK_FUNCTION_EXISTS=pthread_create    -rdynamic CMakeFiles/cmTC_70c0e.dir/CheckFunctionExists.c.o  -o cmTC_70c0e -lpthreads 
/usr/bin/ld: cannot find -lpthreads
collect2: error: ld returned 1 exit status
CMakeFiles/cmTC_70c0e.dir/build.make:97: recipe for target 'cmTC_70c0e' failed
make[1]: *** [cmTC_70c0e] Error 1
make[1]: Leaving directory '/home/sadgod33/catkin_ws/src/pcl_cpp_tutorial/build/CMakeFiles/CMakeTmp'
Makefile:126: recipe for target 'cmTC_70c0e/fast' failed
make: *** [cmTC_70c0e/fast] Error 2


